<?xml version="1.0" encoding="UTF-8"?>
<!-- Generated by org.testng.reporters.JUnitXMLReporter -->
<testsuite ignored="0" hostname="Peter" failures="1" tests="1" name="Adding Person Test" time="3.195" errors="0" timestamp="2024-10-28T15:38:40 EEST">
  <testcase classname="Tests.AddingPageTest" name="AddNewPerson" time="3.191">
    <failure type="java.lang.NullPointerException" message="Cannot invoke &amp;quot;org.openqa.selenium.WebDriver.getClass()&amp;quot; because &amp;quot;exceptionDriver&amp;quot; is null">
      <![CDATA[java.lang.NullPointerException: Cannot invoke "org.openqa.selenium.WebDriver.getClass()" because "exceptionDriver" is null
at org.openqa.selenium.support.ui.WebDriverWait.timeoutException(WebDriverWait.java:85)
at org.openqa.selenium.support.ui.FluentWait.until(FluentWait.java:228)
at Pages.AddingPage.UserRole(AddingPage.java:48)
at Tests.AddingPageTest.AddNewPerson(AddingPageTest.java:14)
at java.base/java.util.ArrayList.forEach(ArrayList.java:1597)
... Removed 25 stack frames]]>
    </failure>
  </testcase> <!-- AddNewPerson -->
</testsuite> <!-- Adding Person Test -->
